<?xml version="1.0" encoding="UTF-8"?>
<!-- Generated by org.testng.reporters.JUnitReportReporter -->
<testsuite skipped="0" hostname="LAPTOP-PS1QG0U6" name="Test.EasyManagement.ClientsTest" tests="1" failures="0" timestamp="2020-04-24T03:10:12 COT" time="13.627" errors="0">
  <testcase name="SuccessfullClienteCreate" time="13.627" classname="Test.EasyManagement.ClientsTest"/>
  <system-out/>
</testsuite> <!-- Test.EasyManagement.ClientsTest -->
